<?xml version="1.0" encoding="UTF-8"?>
<!-- Generated by org.testng.reporters.JUnitReportReporter -->
<testsuite hostname="DESKTOP-QJ8EISD" failures="0" tests="1" name="Practice.DataDrivenTesting.CreateOrgTest" time="28.581" errors="0" timestamp="2024-05-01T13:05:02 IST" skipped="0">
  <testcase classname="Practice.DataDrivenTesting.CreateOrgTest" name="createOrgtest" time="28.581"/>
  <system-out/>
</testsuite> <!-- Practice.DataDrivenTesting.CreateOrgTest -->
