<?xml version="1.0" encoding="UTF-8"?>
<!-- Generated by org.testng.reporters.JUnitReportReporter -->
<testsuite hostname="DESKTOP-QJ8EISD" failures="0" tests="3" name="Practice.Testng.CreateContact_DP_Test" time="0.012" errors="0" timestamp="2024-05-10T09:35:27 IST" skipped="0">
  <testcase classname="Practice.Testng.CreateContact_DP_Test" name="createContactTest" time="0.007"/>
  <system-out/>
  <testcase classname="Practice.Testng.CreateContact_DP_Test" name="createContactTest" time="0.002"/>
  <system-out/>
  <testcase classname="Practice.Testng.CreateContact_DP_Test" name="createContactTest" time="0.003"/>
  <system-out/>
</testsuite> <!-- Practice.Testng.CreateContact_DP_Test -->
