<?xml version="1.0" encoding="UTF-8"?>
<!-- Generated by org.testng.reporters.JUnitReportReporter -->
<testsuite hostname="DESKTOP-QJ8EISD" failures="0" tests="1" name="Practice.DataDrivenTesting.ReadDataFromTestNGXmlTest" time="0.010" errors="0" timestamp="2024-05-01T10:54:16 IST" skipped="0">
  <testcase classname="Practice.DataDrivenTesting.ReadDataFromTestNGXmlTest" name="sampleTest" time="0.010"/>
  <system-out/>
</testsuite> <!-- Practice.DataDrivenTesting.ReadDataFromTestNGXmlTest -->
