<?xml version="1.0" encoding="UTF-8"?>
<!-- Generated by org.testng.reporters.JUnitReportReporter -->
<testsuite hostname="DESKTOP-QJ8EISD" failures="0" tests="3" name="Practice.Testng.ContactTest" time="0.012" errors="0" timestamp="2024-05-09T11:35:31 IST" skipped="0">
  <testcase classname="Practice.Testng.ContactTest" name="createContactTest" time="0.009"/>
  <system-out/>
  <testcase classname="Practice.Testng.ContactTest" name="modifyContactTest" time="0.001"/>
  <system-out/>
  <testcase classname="Practice.Testng.ContactTest" name="deleteContactTest" time="0.002"/>
  <system-out/>
</testsuite> <!-- Practice.Testng.ContactTest -->
