<?xml version="1.0" encoding="UTF-8"?>
<!-- Generated by org.testng.reporters.JUnitReportReporter -->
<testsuite hostname="DESKTOP-QJ8EISD" failures="0" tests="1" name="Practice.ContactTest.CreateContactTest" time="24.067" errors="0" timestamp="2024-04-30T17:39:05 IST" skipped="0">
  <testcase classname="Practice.ContactTest.CreateContactTest" name="createNewOrg" time="24.067"/>
  <system-out/>
</testsuite> <!-- Practice.ContactTest.CreateContactTest -->
