<?xml version="1.0" encoding="UTF-8"?>
<!-- Generated by org.testng.reporters.JUnitReportReporter -->
<testsuite hostname="DESKTOP-QJ8EISD" failures="0" tests="3" name="Practice.Testng.CreateContactTest" time="0.016" errors="0" timestamp="2024-05-09T11:05:48 IST" skipped="0">
  <testcase classname="Practice.Testng.CreateContactTest" name="CreateContactTest" time="0.010"/>
  <system-out/>
  <testcase classname="Practice.Testng.CreateContactTest" name="naviagteTocontactTest" time="0.002"/>
  <system-out/>
  <testcase classname="Practice.Testng.CreateContactTest" name="login" time="0.004"/>
  <system-out/>
</testsuite> <!-- Practice.Testng.CreateContactTest -->
