<?xml version="1.0" encoding="UTF-8"?>
<!-- Generated by org.testng.reporters.JUnitReportReporter -->
<testsuite hostname="DESKTOP-QJ8EISD" failures="0" tests="2" name="Practice.Testng.SampleTest" time="0.014" errors="0" timestamp="2024-05-09T11:30:47 IST" skipped="0">
  <testcase classname="Practice.Testng.SampleTest" name="createContactWithMobileNumberTest" time="0.002"/>
  <system-out/>
  <testcase classname="Practice.Testng.SampleTest" name="createContactTest" time="0.012"/>
  <system-out/>
</testsuite> <!-- Practice.Testng.SampleTest -->
