<?xml version="1.0" encoding="UTF-8"?>
<!-- Generated by org.testng.reporters.JUnitReportReporter -->
<testsuite hostname="DESKTOP-QJ8EISD" failures="0" tests="1" name="Practice.OrgTest.CreateOrganizationTest" time="40.040" errors="0" timestamp="2024-04-30T16:01:41 IST" skipped="0">
  <testcase classname="Practice.OrgTest.CreateOrganizationTest" name="createNewOrg" time="40.040"/>
  <system-out/>
</testsuite> <!-- Practice.OrgTest.CreateOrganizationTest -->
