<?xml version="1.0" encoding="UTF-8"?>
<!-- Generated by org.testng.reporters.JUnitReportReporter -->
<testsuite hostname="DESKTOP-QJ8EISD" failures="0" tests="1" name="Practice.pom.repository.SampleTestWithPom" time="30.091" errors="0" timestamp="2024-05-07T17:06:20 IST" skipped="0">
  <testcase classname="Practice.pom.repository.SampleTestWithPom" name="sampleTest" time="30.091"/>
  <system-out/>
</testsuite> <!-- Practice.pom.repository.SampleTestWithPom -->
