<?xml version="1.0" encoding="UTF-8"?>
<!-- Generated by org.testng.reporters.JUnitReportReporter -->
<testsuite hostname="DESKTOP-QJ8EISD" failures="0" tests="1" name="Practice.Testng.SampleTestForScreenShot" time="15.049" errors="0" timestamp="2024-05-16T11:05:34 IST" skipped="0">
  <testcase classname="Practice.Testng.SampleTestForScreenShot" name="amazonTest" time="15.049"/>
  <system-out/>
</testsuite> <!-- Practice.Testng.SampleTestForScreenShot -->
