<?xml version="1.0" encoding="UTF-8"?>
<!-- Generated by org.testng.reporters.JUnitReportReporter -->
<testsuite hostname="DESKTOP-QJ8EISD" failures="0" tests="2" name="Practice.Testng.OrderTest" time="0.012" errors="0" timestamp="2024-05-09T12:46:22 IST" skipped="0">
  <testcase classname="Practice.Testng.OrderTest" name="billingAnOrderTest" time="0.001"/>
  <system-out/>
  <testcase classname="Practice.Testng.OrderTest" name="createOrderTest" time="0.011"/>
  <system-out/>
</testsuite> <!-- Practice.Testng.OrderTest -->
