<?xml version="1.0" encoding="UTF-8"?>
<!-- Generated by org.testng.reporters.JUnitReportReporter -->
<testsuite hostname="DESKTOP-QJ8EISD" failures="0" tests="1" name="Practice.DataDrivenTesting.ValidateExpData_DBTest" time="2.577" errors="0" timestamp="2024-04-29T17:22:23 IST" skipped="0">
  <testcase classname="Practice.DataDrivenTesting.ValidateExpData_DBTest" name="validate" time="2.577"/>
  <system-out/>
</testsuite> <!-- Practice.DataDrivenTesting.ValidateExpData_DBTest -->
